<?xml version="1.0" encoding="UTF-8"?>
<!-- Generated by org.testng.reporters.JUnitReportReporter -->
<testsuite hostname="DESKTOP-24CUK9I" failures="0" tests="1" name="day3.CookiesDemo" time="2.657" errors="0" timestamp="2024-02-14T14:45:33 IST" skipped="0">
  <testcase classname="day3.CookiesDemo" name="GetCookies" time="2.657"/>
  <system-out/>
</testsuite> <!-- day3.CookiesDemo -->
