<?xml version="1.0" encoding="UTF-8"?>
<!-- Generated by org.testng.reporters.JUnitReportReporter -->
<testsuite hostname="DESKTOP-24CUK9I" failures="0" tests="1" name="Practice.JsonSchemaValidation" time="3.363" errors="0" timestamp="2023-10-25T10:05:12 IST" skipped="0">
  <testcase classname="Practice.JsonSchemaValidation" name="testMethod" time="3.363"/>
  <system-out/>
</testsuite> <!-- Practice.JsonSchemaValidation -->
