<?xml version="1.0" encoding="UTF-8"?>
<!-- Generated by org.testng.reporters.JUnitReportReporter -->
<testsuite hostname="DESKTOP-24CUK9I" failures="0" tests="1" name="day5.ParsingXMLRes" time="1.846" errors="0" timestamp="2024-02-26T15:51:46 IST" skipped="0">
  <testcase classname="day5.ParsingXMLRes" name="validateXMLResObject" time="1.846"/>
  <system-out/>
</testsuite> <!-- day5.ParsingXMLRes -->
