<?xml version="1.0" encoding="UTF-8"?>
<!-- Generated by org.testng.reporters.JUnitReportReporter -->
<testsuite hostname="DESKTOP-24CUK9I" failures="0" tests="1" name="Practice.Sample" time="2.819" errors="0" timestamp="2024-02-27T12:15:47 IST" skipped="0">
  <testcase classname="Practice.Sample" name="validateXMlRes2" time="2.819"/>
  <system-out/>
</testsuite> <!-- Practice.Sample -->
