<?xml version="1.0" encoding="UTF-8"?>
<!-- Generated by org.testng.reporters.JUnitReportReporter -->
<testsuite hostname="DESKTOP-24CUK9I" failures="0" tests="1" name="Practice.CookiesDemo" time="2.369" errors="0" timestamp="2023-10-10T15:19:12 IST" skipped="0">
  <testcase classname="Practice.CookiesDemo" name="getCookie" time="2.369"/>
  <system-out/>
</testsuite> <!-- Practice.CookiesDemo -->
