<?xml version="1.0" encoding="UTF-8"?>
<!-- Generated by org.testng.reporters.JUnitReportReporter -->
<testsuite hostname="DESKTOP-24CUK9I" failures="0" tests="1" name="Practice.HeaderDemo" time="2.642" errors="0" timestamp="2023-10-11T10:26:26 IST" skipped="0">
  <testcase classname="Practice.HeaderDemo" name="testHeaders" time="2.642"/>
  <system-out/>
</testsuite> <!-- Practice.HeaderDemo -->
