<?xml version="1.0" encoding="UTF-8"?>
<!-- Generated by org.testng.reporters.JUnitReportReporter -->
<testsuite hostname="DESKTOP-24CUK9I" failures="0" tests="1" name="day2.WaystoCreatePostBody" time="1.475" errors="0" timestamp="2024-01-10T14:30:52 IST" skipped="0">
  <testcase classname="day2.WaystoCreatePostBody" name="postByExternalJson" time="1.475"/>
  <system-out/>
</testsuite> <!-- day2.WaystoCreatePostBody -->
