<?xml version="1.0" encoding="UTF-8"?>
<!-- Generated by org.testng.reporters.JUnitReportReporter -->
<testsuite hostname="DESKTOP-24CUK9I" failures="0" tests="10" name="api.TestCases.DataDrivenTest" time="15.974" errors="0" timestamp="2024-03-26T14:03:16 IST" skipped="0">
  <testcase classname="api.TestCases.DataDrivenTest" name="get_Users" time="1.347"/>
  <system-out/>
  <testcase classname="api.TestCases.DataDrivenTest" name="get_Users" time="1.835"/>
  <system-out/>
  <testcase classname="api.TestCases.DataDrivenTest" name="get_Users" time="1.479"/>
  <system-out/>
  <testcase classname="api.TestCases.DataDrivenTest" name="get_Users" time="1.403"/>
  <system-out/>
  <testcase classname="api.TestCases.DataDrivenTest" name="get_Users" time="2.559"/>
  <system-out/>
  <testcase classname="api.TestCases.DataDrivenTest" name="get_Users" time="1.355"/>
  <system-out/>
  <testcase classname="api.TestCases.DataDrivenTest" name="get_Users" time="1.316"/>
  <system-out/>
  <testcase classname="api.TestCases.DataDrivenTest" name="get_Users" time="1.658"/>
  <system-out/>
  <testcase classname="api.TestCases.DataDrivenTest" name="get_Users" time="1.378"/>
  <system-out/>
  <testcase classname="api.TestCases.DataDrivenTest" name="get_Users" time="1.644"/>
  <system-out/>
</testsuite> <!-- api.TestCases.DataDrivenTest -->
