<?xml version="1.0" encoding="UTF-8"?>
<!-- Generated by org.testng.reporters.JUnitReportReporter -->
<testsuite hostname="DESKTOP-24CUK9I" failures="0" tests="1" name="day3.PathandQueryParameters" time="2.815" errors="0" timestamp="2024-02-12T10:49:45 IST" skipped="0">
  <testcase classname="day3.PathandQueryParameters" name="test" time="2.815"/>
  <system-out/>
</testsuite> <!-- day3.PathandQueryParameters -->
