<?xml version="1.0" encoding="UTF-8"?>
<!-- Generated by org.testng.reporters.JUnitReportReporter -->
<testsuite hostname="DESKTOP-24CUK9I" failures="0" tests="1" name="day6.JSONSchemaValidation" time="2.413" errors="0" timestamp="2024-03-12T10:08:14 IST" skipped="0">
  <testcase classname="day6.JSONSchemaValidation" name="jsonSchemaValidation" time="2.413"/>
  <system-out/>
</testsuite> <!-- day6.JSONSchemaValidation -->
