<?xml version="1.0" encoding="UTF-8"?>
<!-- Generated by org.testng.reporters.JUnitReportReporter -->
<testsuite hostname="DESKTOP-24CUK9I" failures="0" tests="1" name="Practice.Practice" time="2.077" errors="0" timestamp="2023-07-25T18:23:48 IST" skipped="0">
  <testcase classname="Practice.Practice" name="practicePostData" time="2.077"/>
  <system-out/>
</testsuite> <!-- Practice.Practice -->
