<?xml version="1.0" encoding="UTF-8"?>
<!-- Generated by org.testng.reporters.JUnitReportReporter -->
<testsuite hostname="DESKTOP-24CUK9I" failures="0" tests="1" name="day8.UpdateUser" time="0.052" errors="0" timestamp="2024-03-21T15:29:37 IST" skipped="0">
  <testcase classname="day8.UpdateUser" name="updateStoreRec" time="0.052"/>
  <system-out/>
</testsuite> <!-- day8.UpdateUser -->
