<?xml version="1.0" encoding="UTF-8"?>
<!-- Generated by org.testng.reporters.JUnitReportReporter -->
<testsuite hostname="DESKTOP-24CUK9I" failures="0" tests="5" name="Practice.HTTPSReuest" time="8.712" errors="0" timestamp="2023-10-09T10:09:35 IST" skipped="0">
  <testcase classname="Practice.HTTPSReuest" name="getUsers" time="4.962"/>
  <system-out/>
  <testcase classname="Practice.HTTPSReuest" name="postUser" time="1.126"/>
  <system-out/>
  <testcase classname="Practice.HTTPSReuest" name="updateUser" time="1.435"/>
  <system-out/>
  <testcase classname="Practice.HTTPSReuest" name="getSingleUser" time="0.605"/>
  <system-out/>
  <testcase classname="Practice.HTTPSReuest" name="deleteUser" time="0.584"/>
  <system-out/>
</testsuite> <!-- Practice.HTTPSReuest -->
