<?xml version="1.0" encoding="UTF-8"?>
<!-- Generated by org.testng.reporters.JUnitReportReporter -->
<testsuite hostname="DESKTOP-24CUK9I" failures="0" tests="1" name="Practice.PathAndQueryParam" time="3.501" errors="0" timestamp="2023-10-10T10:50:18 IST" skipped="0">
  <testcase classname="Practice.PathAndQueryParam" name="method" time="3.501"/>
  <system-out/>
</testsuite> <!-- Practice.PathAndQueryParam -->
