<?xml version="1.0" encoding="UTF-8"?>
<!-- Generated by org.testng.reporters.JUnitReportReporter -->
<testsuite hostname="DESKTOP-24CUK9I" failures="0" tests="4" name="Practice.Authentication" time="7.629" errors="0" timestamp="2023-10-27T12:37:08 IST" skipped="0">
  <testcase classname="Practice.Authentication" name="bearerTokenAuth" time="0.011"/>
  <system-out/>
  <testcase classname="Practice.Authentication" name="basicAuth" time="5.645"/>
  <system-out/>
  <testcase classname="Practice.Authentication" name="digestAuth" time="1.940"/>
  <system-out/>
  <testcase classname="Practice.Authentication" name="preemptiveAuth" time="0.033"/>
  <system-out/>
</testsuite> <!-- Practice.Authentication -->
