<?xml version="1.0" encoding="UTF-8"?>
<!-- Generated by org.testng.reporters.JUnitReportReporter -->
<testsuite hostname="DESKTOP-24CUK9I" failures="0" tests="1" name="day8.GetUser" time="0.077" errors="0" timestamp="2024-03-21T15:29:37 IST" skipped="0">
  <testcase classname="day8.GetUser" name="getStoreRec" time="0.077"/>
  <system-out/>
</testsuite> <!-- day8.GetUser -->
