<?xml version="1.0" encoding="UTF-8"?>
<!-- Generated by org.testng.reporters.JUnitReportReporter -->
<testsuite hostname="DESKTOP-24CUK9I" failures="0" tests="1" name="day6.SchemaValidation" time="1.421" errors="0" timestamp="2024-02-27T14:49:11 IST" skipped="0">
  <testcase classname="day6.SchemaValidation" name="jsonSchemaValidation" time="1.421"/>
  <system-out/>
</testsuite> <!-- day6.SchemaValidation -->
