<?xml version="1.0" encoding="UTF-8"?>
<!-- Generated by org.testng.reporters.JUnitReportReporter -->
<testsuite hostname="DESKTOP-24CUK9I" failures="0" tests="1" name="Practice.quiryandpathparameters" time="2.257" errors="0" timestamp="2023-07-27T13:17:43 IST" skipped="0">
  <testcase classname="Practice.quiryandpathparameters" name="method" time="2.257"/>
  <system-out/>
</testsuite> <!-- Practice.quiryandpathparameters -->
