<?xml version="1.0" encoding="UTF-8"?>
<!-- Generated by org.testng.reporters.JUnitReportReporter -->
<testsuite hostname="DESKTOP-24CUK9I" failures="0" tests="1" name="Practice.XmlResponse" time="2.605" errors="0" timestamp="2023-10-20T11:34:41 IST" skipped="0">
  <testcase classname="Practice.XmlResponse" name="multipleDataValidation" time="2.605"/>
  <system-out/>
</testsuite> <!-- Practice.XmlResponse -->
