<?xml version="1.0" encoding="UTF-8"?>
<!-- Generated by org.testng.reporters.JUnitReportReporter -->
<testsuite hostname="DESKTOP-24CUK9I" failures="0" tests="3" name="day7.RestAssuredAuthentication" time="7.226" errors="0" timestamp="2024-03-12T14:44:39 IST" skipped="0">
  <testcase classname="day7.RestAssuredAuthentication" name="preemptiveAuth" time="1.687"/>
  <system-out/>
  <testcase classname="day7.RestAssuredAuthentication" name="basicAuth" time="3.332"/>
  <system-out/>
  <testcase classname="day7.RestAssuredAuthentication" name="digestAuth" time="2.207"/>
  <system-out/>
</testsuite> <!-- day7.RestAssuredAuthentication -->
