<?xml version="1.0" encoding="UTF-8"?>
<!-- Generated by org.testng.reporters.JUnitReportReporter -->
<testsuite hostname="DESKTOP-24CUK9I" failures="0" tests="1" name="day4.PracticeResponse" time="1.265" errors="0" timestamp="2024-02-26T12:53:26 IST" skipped="0">
  <testcase classname="day4.PracticeResponse" name="testMethod" time="1.265"/>
  <system-out/>
</testsuite> <!-- day4.PracticeResponse -->
