<?xml version="1.0" encoding="UTF-8"?>
<!-- Generated by org.testng.reporters.JUnitReportReporter -->
<testsuite hostname="DESKTOP-24CUK9I" failures="0" tests="1" name="Practice.DifferentWaysToCreatePostBody" time="3.132" errors="0" timestamp="2023-10-09T14:47:46 IST" skipped="0">
  <testcase classname="Practice.DifferentWaysToCreatePostBody" name="postUsingExternalJson" time="3.132"/>
  <system-out/>
</testsuite> <!-- Practice.DifferentWaysToCreatePostBody -->
