<?xml version="1.0" encoding="UTF-8"?>
<!-- Generated by org.testng.reporters.JUnitReportReporter -->
<testsuite hostname="DESKTOP-24CUK9I" failures="0" tests="1" name="day1.HttpsRequest" time="2.100" errors="0" timestamp="2024-01-10T15:43:13 IST" skipped="0">
  <testcase classname="day1.HttpsRequest" name="getUser" time="2.100"/>
  <system-out/>
</testsuite> <!-- day1.HttpsRequest -->
