<?xml version="1.0" encoding="UTF-8"?>
<!-- Generated by org.testng.reporters.JUnitReportReporter -->
<testsuite hostname="DESKTOP-24CUK9I" failures="0" tests="1" name="Practice.postRequest" time="1.349" errors="0" timestamp="2023-07-25T18:06:04 IST" skipped="0">
  <testcase classname="Practice.postRequest" name="deleteStudent" time="1.349"/>
  <system-out/>
</testsuite> <!-- Practice.postRequest -->
