<?xml version="1.0" encoding="UTF-8"?>
<!-- Generated by org.testng.reporters.JUnitReportReporter -->
<testsuite hostname="DESKTOP-24CUK9I" failures="0" tests="2" name="day3.Headers" time="3.233" errors="0" timestamp="2024-02-14T19:22:28 IST" skipped="0">
  <testcase classname="day3.Headers" name="test" time="0.574"/>
  <system-out/>
  <testcase classname="day3.Headers" name="getHeaders" time="2.659"/>
  <system-out/>
</testsuite> <!-- day3.Headers -->
