<?xml version="1.0" encoding="UTF-8"?>
<!-- Generated by org.testng.reporters.JUnitReportReporter -->
<testsuite hostname="DESKTOP-24CUK9I" failures="0" tests="1" name="Practice.ParsingJSONResponseData" time="2.505" errors="0" timestamp="2023-10-12T10:27:48 IST" skipped="0">
  <testcase classname="Practice.ParsingJSONResponseData" name="test" time="2.505"/>
  <system-out/>
</testsuite> <!-- Practice.ParsingJSONResponseData -->
