<?xml version="1.0" encoding="UTF-8"?>
<!-- Generated by org.testng.reporters.JUnitReportReporter -->
<testsuite hostname="DESKTOP-24CUK9I" failures="0" tests="1" name="day8.chaining" time="4.038" errors="0" timestamp="2024-03-21T09:55:07 IST" skipped="0">
  <testcase classname="day8.chaining" name="createUser" time="4.038"/>
  <system-out/>
</testsuite> <!-- day8.chaining -->
