<?xml version="1.0" encoding="UTF-8"?>
<!-- Generated by org.testng.reporters.JUnitReportReporter -->
<testsuite hostname="DESKTOP-24CUK9I" failures="0" tests="10" name="api.TestCases.DataDrivenTest" time="15.170" errors="0" timestamp="2024-03-26T14:50:17 IST" skipped="0">
  <testcase classname="api.TestCases.DataDrivenTest" name="get_Users" time="1.371"/>
  <system-out/>
  <testcase classname="api.TestCases.DataDrivenTest" name="get_Users" time="1.357"/>
  <system-out/>
  <testcase classname="api.TestCases.DataDrivenTest" name="get_Users" time="1.386"/>
  <system-out/>
  <testcase classname="api.TestCases.DataDrivenTest" name="get_Users" time="1.402"/>
  <system-out/>
  <testcase classname="api.TestCases.DataDrivenTest" name="get_Users" time="1.279"/>
  <system-out/>
  <testcase classname="api.TestCases.DataDrivenTest" name="get_Users" time="1.471"/>
  <system-out/>
  <testcase classname="api.TestCases.DataDrivenTest" name="get_Users" time="1.333"/>
  <system-out/>
  <testcase classname="api.TestCases.DataDrivenTest" name="get_Users" time="2.852"/>
  <system-out/>
  <testcase classname="api.TestCases.DataDrivenTest" name="get_Users" time="1.437"/>
  <system-out/>
  <testcase classname="api.TestCases.DataDrivenTest" name="get_Users" time="1.282"/>
  <system-out/>
</testsuite> <!-- api.TestCases.DataDrivenTest -->
