<?xml version="1.0" encoding="UTF-8"?>
<!-- Generated by org.testng.reporters.JUnitReportReporter -->
<testsuite hostname="DESKTOP-24CUK9I" failures="0" tests="4" name="api.TestCases.TestUserModule" time="7.685" errors="0" timestamp="2024-03-26T15:15:04 IST" skipped="0">
  <testcase classname="api.TestCases.TestUserModule" name="test_Post_User" time="2.703"/>
  <system-out/>
  <testcase classname="api.TestCases.TestUserModule" name="test_Get_User" time="1.238"/>
  <system-out/>
  <testcase classname="api.TestCases.TestUserModule" name="test_Update_User" time="2.553"/>
  <system-out/>
  <testcase classname="api.TestCases.TestUserModule" name="test_Delete_User" time="1.191"/>
  <system-out/>
</testsuite> <!-- api.TestCases.TestUserModule -->
